2025-10-29T13:40:14.828+07:00  INFO 24980 --- [VieCinema] [main] com.viecinema.VieCinemaApplication       : Starting VieCinemaApplication using Java 21.0.7 with PID 24980 (F:\Projects\VieCinema\target\classes started by MINH in F:\Projects\VieCinema)
2025-10-29T13:40:14.831+07:00 DEBUG 24980 --- [VieCinema] [main] com.viecinema.VieCinemaApplication       : Running with Spring Boot v3.5.7, Spring v6.2.12
2025-10-29T13:40:14.832+07:00  INFO 24980 --- [VieCinema] [main] com.viecinema.VieCinemaApplication       : The following 1 profile is active: "dev"
2025-10-29T13:40:15.849+07:00  INFO 24980 --- [VieCinema] [main] .s.d.r.c.RepositoryConfigurationDelegate : Bootstrapping Spring Data JPA repositories in DEFAULT mode.
2025-10-29T13:40:15.893+07:00  INFO 24980 --- [VieCinema] [main] .s.d.r.c.RepositoryConfigurationDelegate : Finished Spring Data repository scanning in 36 ms. Found 2 JPA repository interfaces.
2025-10-29T13:40:16.289+07:00  INFO 24980 --- [VieCinema] [main] o.s.b.w.embedded.tomcat.TomcatWebServer  : Tomcat initialized with port 8080 (http)
2025-10-29T13:40:16.299+07:00  INFO 24980 --- [VieCinema] [main] o.apache.catalina.core.StandardService   : Starting service [Tomcat]
2025-10-29T13:40:16.300+07:00  INFO 24980 --- [VieCinema] [main] o.apache.catalina.core.StandardEngine    : Starting Servlet engine: [Apache Tomcat/10.1.48]
2025-10-29T13:40:16.336+07:00  INFO 24980 --- [VieCinema] [main] o.a.c.c.C.[Tomcat].[localhost].[/]       : Initializing Spring embedded WebApplicationContext
2025-10-29T13:40:16.337+07:00  INFO 24980 --- [VieCinema] [main] w.s.c.ServletWebServerApplicationContext : Root WebApplicationContext: initialization completed in 1468 ms
2025-10-29T13:40:16.520+07:00  INFO 24980 --- [VieCinema] [main] o.hibernate.jpa.internal.util.LogHelper  : HHH000204: Processing PersistenceUnitInfo [name: default]
2025-10-29T13:40:16.571+07:00  INFO 24980 --- [VieCinema] [main] org.hibernate.Version                    : HHH000412: Hibernate ORM core version 6.6.33.Final
2025-10-29T13:40:16.600+07:00  INFO 24980 --- [VieCinema] [main] o.h.c.internal.RegionFactoryInitiator    : HHH000026: Second-level cache disabled
2025-10-29T13:40:16.824+07:00  INFO 24980 --- [VieCinema] [main] o.s.o.j.p.SpringPersistenceUnitInfo      : No LoadTimeWeaver setup: ignoring JPA class transformer
2025-10-29T13:40:16.851+07:00  INFO 24980 --- [VieCinema] [main] com.zaxxer.hikari.HikariDataSource       : HikariPool-1 - Starting...
2025-10-29T13:40:16.991+07:00  INFO 24980 --- [VieCinema] [main] com.zaxxer.hikari.pool.HikariPool        : HikariPool-1 - Added connection com.mysql.cj.jdbc.ConnectionImpl@6ec98ccc
2025-10-29T13:40:16.992+07:00  INFO 24980 --- [VieCinema] [main] com.zaxxer.hikari.HikariDataSource       : HikariPool-1 - Start completed.
2025-10-29T13:40:17.086+07:00  INFO 24980 --- [VieCinema] [main] org.hibernate.orm.connections.pooling    : HHH10001005: Database info:
	Database JDBC URL [Connecting through datasource 'HikariDataSource (HikariPool-1)']
	Database driver: undefined/unknown
	Database version: 8.0.42
	Autocommit mode: undefined/unknown
	Isolation level: undefined/unknown
	Minimum pool size: undefined/unknown
	Maximum pool size: undefined/unknown
2025-10-29T13:40:17.790+07:00  INFO 24980 --- [VieCinema] [main] o.h.e.t.j.p.i.JtaPlatformInitiator       : HHH000489: No JTA platform available (set 'hibernate.transaction.jta.platform' to enable JTA platform integration)
2025-10-29T13:40:17.885+07:00  INFO 24980 --- [VieCinema] [main] j.LocalContainerEntityManagerFactoryBean : Initialized JPA EntityManagerFactory for persistence unit 'default'
2025-10-29T13:40:18.171+07:00  WARN 24980 --- [VieCinema] [main] JpaBaseConfiguration$JpaWebConfiguration : spring.jpa.open-in-view is enabled by default. Therefore, database queries may be performed during view rendering. Explicitly configure spring.jpa.open-in-view to disable this warning
2025-10-29T13:40:18.373+07:00  INFO 24980 --- [VieCinema] [main] o.s.b.a.e.web.EndpointLinksResolver      : Exposing 3 endpoints beneath base path '/actuator'
2025-10-29T13:40:18.397+07:00  WARN 24980 --- [VieCinema] [main] .s.s.UserDetailsServiceAutoConfiguration : 

Using generated security password: f2578076-c62e-4991-ad4c-cec24c6ab43c

This generated password is for development use only. Your security configuration must be updated before running your application in production.

2025-10-29T13:40:18.403+07:00  INFO 24980 --- [VieCinema] [main] r$InitializeUserDetailsManagerConfigurer : Global AuthenticationManager configured with UserDetailsService bean with name inMemoryUserDetailsManager
2025-10-29T13:40:18.722+07:00  INFO 24980 --- [VieCinema] [main] o.s.b.w.embedded.tomcat.TomcatWebServer  : Tomcat started on port 8080 (http) with context path '/'
2025-10-29T13:40:18.731+07:00  INFO 24980 --- [VieCinema] [main] com.viecinema.VieCinemaApplication       : Started VieCinemaApplication in 4.325 seconds (process running for 4.906)
2025-10-29T13:40:18.896+07:00  INFO 24980 --- [VieCinema] [RMI TCP Connection(1)-192.168.123.36] o.a.c.c.C.[Tomcat].[localhost].[/]       : Initializing Spring DispatcherServlet 'dispatcherServlet'
2025-10-29T13:40:18.896+07:00  INFO 24980 --- [VieCinema] [RMI TCP Connection(1)-192.168.123.36] o.s.web.servlet.DispatcherServlet        : Initializing Servlet 'dispatcherServlet'
2025-10-29T13:40:18.898+07:00  INFO 24980 --- [VieCinema] [RMI TCP Connection(1)-192.168.123.36] o.s.web.servlet.DispatcherServlet        : Completed initialization in 2 ms
